[1117/101301.168:ERROR:registration_protocol_win.cc(131)] TransactNamedPipe: The pipe has been ended. (0x6D)
[1118/165354.296:ERROR:exit_code_watcher_win.cc(87)] Failed to wait for process exit or stop event
[1118/165354.373:ERROR:registration_protocol_win.cc(131)] TransactNamedPipe: The pipe has been ended. (0x6D)
[1119/105628.360:ERROR:registration_protocol_win.cc(131)] TransactNamedPipe: The pipe has been ended. (0x6D)
[1119/181107.569:ERROR:exit_code_watcher_win.cc(87)] Failed to wait for process exit or stop event
[1119/181107.752:ERROR:registration_protocol_win.cc(131)] TransactNamedPipe: The pipe has been ended. (0x6D)
[1121/113716.739:ERROR:registration_protocol_win.cc(131)] TransactNamedPipe: The pipe has been ended. (0x6D)
[1121/114546.842:ERROR:exit_code_watcher_win.cc(87)] Failed to wait for process exit or stop event
[1121/114547.239:ERROR:registration_protocol_win.cc(131)] TransactNamedPipe: The pipe has been ended. (0x6D)
[1123/105801.034:ERROR:registration_protocol_win.cc(131)] TransactNamedPipe: The pipe has been ended. (0x6D)
[1124/180031.059:ERROR:registration_protocol_win.cc(131)] TransactNamedPipe: The pipe has been ended. (0x6D)
[1126/185425.947:ERROR:registration_protocol_win.cc(130)] TransactNamedPipe: The pipe has been ended. (0x6D)
[1127/115940.065:ERROR:exit_code_watcher_win.cc(87)] Failed to wait for process exit or stop event
[1127/115940.411:ERROR:registration_protocol_win.cc(130)] TransactNamedPipe: The pipe has been ended. (0x6D)
[1127/131255.762:ERROR:registration_protocol_win.cc(130)] TransactNamedPipe: The pipe has been ended. (0x6D)
<<<<<<< HEAD
[1127/171911.194:ERROR:registration_protocol_win.cc(130)] TransactNamedPipe: The pipe has been ended. (0x6D)
[1127/174623.988:ERROR:exit_code_watcher_win.cc(87)] Failed to wait for process exit or stop event
[1127/174624.180:ERROR:registration_protocol_win.cc(130)] TransactNamedPipe: The pipe has been ended. (0x6D)
[1130/152612.027:ERROR:registration_protocol_win.cc(130)] TransactNamedPipe: The pipe has been ended. (0x6D)
[1130/152723.316:ERROR:registration_protocol_win.cc(130)] TransactNamedPipe: The pipe has been ended. (0x6D)
[1201/110050.350:ERROR:registration_protocol_win.cc(130)] TransactNamedPipe: The pipe has been ended. (0x6D)
[1201/170833.068:ERROR:exit_code_watcher_win.cc(87)] Failed to wait for process exit or stop event
[1201/170833.284:ERROR:registration_protocol_win.cc(130)] TransactNamedPipe: The pipe has been ended. (0x6D)
[1201/172753.479:ERROR:exit_code_watcher_win.cc(87)] Failed to wait for process exit or stop event
[1201/172753.688:ERROR:registration_protocol_win.cc(130)] TransactNamedPipe: The pipe has been ended. (0x6D)
=======
[1202/092655.511:ERROR:directory_reader_win.cc(43)] FindFirstFile: The system cannot find the path specified. (0x3)
>>>>>>> e1a6116b042436746e9131ca61e803a2c0cfc8b1
[1202/172128.639:ERROR:exit_code_watcher_win.cc(87)] Failed to wait for process exit or stop event
[1202/172128.794:ERROR:registration_protocol_win.cc(130)] TransactNamedPipe: The pipe has been ended. (0x6D)
[1204/104639.966:ERROR:exit_code_watcher_win.cc(87)] Failed to wait for process exit or stop event
[1204/104640.225:ERROR:registration_protocol_win.cc(130)] TransactNamedPipe: The pipe has been ended. (0x6D)
[1204/181642.710:ERROR:exit_code_watcher_win.cc(87)] Failed to wait for process exit or stop event
[1204/181642.936:ERROR:registration_protocol_win.cc(130)] TransactNamedPipe: The pipe has been ended. (0x6D)
